a                 2
alignment         1
an                1
and               2
at                1
but               1
count             2
counts            3
ensures           1
file              4
for               2
has               1
in                2
input             2
is                2
it                1
its               1
least             1
look              1
of                3
output            1
prints            1
program           2
reads             1
see               1
size              1
small             2
ten               1
that              1
the              11
then              1
this              1
word              1
wordcount         2
words             2
